mode: set
github.com/EdlanioJ/kbu/payments/data/service/account-transaction.go:15.152,20.2 1 1
github.com/EdlanioJ/kbu/payments/data/service/account-transaction.go:22.161,25.16 2 1
github.com/EdlanioJ/kbu/payments/data/service/account-transaction.go:29.2,31.16 2 1
github.com/EdlanioJ/kbu/payments/data/service/account-transaction.go:35.2,37.16 2 1
github.com/EdlanioJ/kbu/payments/data/service/account-transaction.go:41.2,43.16 2 1
github.com/EdlanioJ/kbu/payments/data/service/account-transaction.go:47.2,49.16 2 1
github.com/EdlanioJ/kbu/payments/data/service/account-transaction.go:53.2,54.16 2 1
github.com/EdlanioJ/kbu/payments/data/service/account-transaction.go:58.2,58.25 1 1
github.com/EdlanioJ/kbu/payments/data/service/account-transaction.go:25.16,27.3 1 1
github.com/EdlanioJ/kbu/payments/data/service/account-transaction.go:31.16,33.3 1 1
github.com/EdlanioJ/kbu/payments/data/service/account-transaction.go:37.16,39.3 1 1
github.com/EdlanioJ/kbu/payments/data/service/account-transaction.go:43.16,45.3 1 1
github.com/EdlanioJ/kbu/payments/data/service/account-transaction.go:49.16,51.3 1 1
github.com/EdlanioJ/kbu/payments/data/service/account-transaction.go:54.16,56.3 1 1
github.com/EdlanioJ/kbu/payments/data/service/account-transaction.go:61.107,64.16 2 1
github.com/EdlanioJ/kbu/payments/data/service/account-transaction.go:68.2,70.16 2 1
github.com/EdlanioJ/kbu/payments/data/service/account-transaction.go:73.2,73.25 1 1
github.com/EdlanioJ/kbu/payments/data/service/account-transaction.go:64.16,66.3 1 1
github.com/EdlanioJ/kbu/payments/data/service/account-transaction.go:70.16,72.3 1 1
github.com/EdlanioJ/kbu/payments/data/service/account-transaction.go:76.116,79.16 2 1
github.com/EdlanioJ/kbu/payments/data/service/account-transaction.go:83.2,85.16 2 1
github.com/EdlanioJ/kbu/payments/data/service/account-transaction.go:89.2,89.25 1 1
github.com/EdlanioJ/kbu/payments/data/service/account-transaction.go:79.16,81.3 1 1
github.com/EdlanioJ/kbu/payments/data/service/account-transaction.go:85.16,87.3 1 1
github.com/EdlanioJ/kbu/payments/data/service/service-transaction.go:22.23,29.2 1 1
github.com/EdlanioJ/kbu/payments/data/service/service-transaction.go:31.182,34.41 2 1
github.com/EdlanioJ/kbu/payments/data/service/service-transaction.go:38.2,40.16 2 1
github.com/EdlanioJ/kbu/payments/data/service/service-transaction.go:44.2,46.16 2 1
github.com/EdlanioJ/kbu/payments/data/service/service-transaction.go:50.2,50.26 1 1
github.com/EdlanioJ/kbu/payments/data/service/service-transaction.go:62.2,64.16 2 1
github.com/EdlanioJ/kbu/payments/data/service/service-transaction.go:68.2,70.16 2 1
github.com/EdlanioJ/kbu/payments/data/service/service-transaction.go:74.2,76.16 2 1
github.com/EdlanioJ/kbu/payments/data/service/service-transaction.go:80.2,82.16 2 1
github.com/EdlanioJ/kbu/payments/data/service/service-transaction.go:85.2,85.25 1 1
github.com/EdlanioJ/kbu/payments/data/service/service-transaction.go:34.41,36.3 1 1
github.com/EdlanioJ/kbu/payments/data/service/service-transaction.go:40.16,42.3 1 1
github.com/EdlanioJ/kbu/payments/data/service/service-transaction.go:46.16,48.3 1 1
github.com/EdlanioJ/kbu/payments/data/service/service-transaction.go:50.26,53.17 2 1
github.com/EdlanioJ/kbu/payments/data/service/service-transaction.go:57.3,57.36 1 1
github.com/EdlanioJ/kbu/payments/data/service/service-transaction.go:53.17,55.4 1 1
github.com/EdlanioJ/kbu/payments/data/service/service-transaction.go:58.8,60.3 1 1
github.com/EdlanioJ/kbu/payments/data/service/service-transaction.go:64.16,66.3 1 1
github.com/EdlanioJ/kbu/payments/data/service/service-transaction.go:70.16,72.3 1 1
github.com/EdlanioJ/kbu/payments/data/service/service-transaction.go:76.16,78.3 1 1
github.com/EdlanioJ/kbu/payments/data/service/service-transaction.go:82.16,84.3 1 1
github.com/EdlanioJ/kbu/payments/data/service/service-transaction.go:87.107,90.16 2 1
github.com/EdlanioJ/kbu/payments/data/service/service-transaction.go:94.2,96.16 2 1
github.com/EdlanioJ/kbu/payments/data/service/service-transaction.go:99.2,99.25 1 1
github.com/EdlanioJ/kbu/payments/data/service/service-transaction.go:90.16,92.3 1 1
github.com/EdlanioJ/kbu/payments/data/service/service-transaction.go:96.16,98.3 1 1
github.com/EdlanioJ/kbu/payments/data/service/service-transaction.go:102.116,105.16 2 1
github.com/EdlanioJ/kbu/payments/data/service/service-transaction.go:109.2,111.16 2 1
github.com/EdlanioJ/kbu/payments/data/service/service-transaction.go:114.2,114.25 1 1
github.com/EdlanioJ/kbu/payments/data/service/service-transaction.go:105.16,107.3 1 1
github.com/EdlanioJ/kbu/payments/data/service/service-transaction.go:111.16,113.3 1 1
github.com/EdlanioJ/kbu/payments/data/service/store-transaction.go:20.21,26.2 1 1
github.com/EdlanioJ/kbu/payments/data/service/store-transaction.go:28.153,31.16 2 1
github.com/EdlanioJ/kbu/payments/data/service/store-transaction.go:35.2,37.16 2 1
github.com/EdlanioJ/kbu/payments/data/service/store-transaction.go:41.2,43.16 2 1
github.com/EdlanioJ/kbu/payments/data/service/store-transaction.go:47.2,49.16 2 1
github.com/EdlanioJ/kbu/payments/data/service/store-transaction.go:53.2,55.16 2 1
github.com/EdlanioJ/kbu/payments/data/service/store-transaction.go:59.2,61.16 2 1
github.com/EdlanioJ/kbu/payments/data/service/store-transaction.go:65.2,65.25 1 1
github.com/EdlanioJ/kbu/payments/data/service/store-transaction.go:31.16,33.3 1 1
github.com/EdlanioJ/kbu/payments/data/service/store-transaction.go:37.16,39.3 1 1
github.com/EdlanioJ/kbu/payments/data/service/store-transaction.go:43.16,45.3 1 1
github.com/EdlanioJ/kbu/payments/data/service/store-transaction.go:49.16,51.3 1 1
github.com/EdlanioJ/kbu/payments/data/service/store-transaction.go:55.16,57.3 1 1
github.com/EdlanioJ/kbu/payments/data/service/store-transaction.go:61.16,63.3 1 1
github.com/EdlanioJ/kbu/payments/data/service/store-transaction.go:68.101,71.16 2 1
github.com/EdlanioJ/kbu/payments/data/service/store-transaction.go:75.2,77.16 2 1
github.com/EdlanioJ/kbu/payments/data/service/store-transaction.go:81.2,81.26 1 1
github.com/EdlanioJ/kbu/payments/data/service/store-transaction.go:71.16,73.3 1 1
github.com/EdlanioJ/kbu/payments/data/service/store-transaction.go:77.16,79.3 1 1
github.com/EdlanioJ/kbu/payments/data/service/store-transaction.go:83.110,86.16 2 1
github.com/EdlanioJ/kbu/payments/data/service/store-transaction.go:90.2,92.16 2 1
github.com/EdlanioJ/kbu/payments/data/service/store-transaction.go:95.2,95.25 1 1
github.com/EdlanioJ/kbu/payments/data/service/store-transaction.go:86.16,88.3 1 1
github.com/EdlanioJ/kbu/payments/data/service/store-transaction.go:92.16,94.3 1 1
github.com/EdlanioJ/kbu/payments/data/service/transaction.go:14.90,20.2 1 1
github.com/EdlanioJ/kbu/payments/data/service/transaction.go:22.68,25.16 2 1
github.com/EdlanioJ/kbu/payments/data/service/transaction.go:29.2,29.25 1 1
github.com/EdlanioJ/kbu/payments/data/service/transaction.go:25.16,27.3 1 1
github.com/EdlanioJ/kbu/payments/data/service/transaction.go:32.71,35.16 2 1
github.com/EdlanioJ/kbu/payments/data/service/transaction.go:39.2,39.25 1 1
github.com/EdlanioJ/kbu/payments/data/service/transaction.go:35.16,37.3 1 1
github.com/EdlanioJ/kbu/payments/data/service/transaction.go:42.83,45.16 2 1
github.com/EdlanioJ/kbu/payments/data/service/transaction.go:49.2,53.16 3 1
github.com/EdlanioJ/kbu/payments/data/service/transaction.go:57.2,57.25 1 1
github.com/EdlanioJ/kbu/payments/data/service/transaction.go:45.16,47.3 1 1
github.com/EdlanioJ/kbu/payments/data/service/transaction.go:53.16,55.3 1 1
github.com/EdlanioJ/kbu/payments/data/service/transaction.go:60.80,63.16 2 1
github.com/EdlanioJ/kbu/payments/data/service/transaction.go:67.2,71.16 3 1
github.com/EdlanioJ/kbu/payments/data/service/transaction.go:75.2,75.25 1 1
github.com/EdlanioJ/kbu/payments/data/service/transaction.go:63.16,65.3 1 1
github.com/EdlanioJ/kbu/payments/data/service/transaction.go:71.16,73.3 1 1
github.com/EdlanioJ/kbu/payments/infra/db/gorm/repository/account.go:14.74,19.22 3 1
github.com/EdlanioJ/kbu/payments/infra/db/gorm/repository/account.go:22.2,22.21 1 1
github.com/EdlanioJ/kbu/payments/infra/db/gorm/repository/account.go:19.22,21.3 1 1
github.com/EdlanioJ/kbu/payments/infra/db/gorm/repository/account.go:24.69,27.16 2 1
github.com/EdlanioJ/kbu/payments/infra/db/gorm/repository/account.go:31.2,31.12 1 1
github.com/EdlanioJ/kbu/payments/infra/db/gorm/repository/account.go:27.16,29.3 1 1
github.com/EdlanioJ/kbu/payments/infra/db/gorm/repository/service-price.go:14.84,19.27 3 1
github.com/EdlanioJ/kbu/payments/infra/db/gorm/repository/service-price.go:23.2,23.26 1 1
github.com/EdlanioJ/kbu/payments/infra/db/gorm/repository/service-price.go:19.27,21.3 1 1
github.com/EdlanioJ/kbu/payments/infra/db/gorm/repository/service.go:14.74,19.22 3 1
github.com/EdlanioJ/kbu/payments/infra/db/gorm/repository/service.go:23.2,23.21 1 1
github.com/EdlanioJ/kbu/payments/infra/db/gorm/repository/service.go:19.22,21.3 1 1
github.com/EdlanioJ/kbu/payments/infra/db/gorm/repository/service.go:25.109,30.22 3 1
github.com/EdlanioJ/kbu/payments/infra/db/gorm/repository/service.go:34.2,34.21 1 1
github.com/EdlanioJ/kbu/payments/infra/db/gorm/repository/service.go:30.22,32.3 1 1
github.com/EdlanioJ/kbu/payments/infra/db/gorm/repository/store.go:14.70,19.20 3 1
github.com/EdlanioJ/kbu/payments/infra/db/gorm/repository/store.go:22.2,22.19 1 1
github.com/EdlanioJ/kbu/payments/infra/db/gorm/repository/store.go:19.20,21.3 1 1
github.com/EdlanioJ/kbu/payments/infra/db/gorm/repository/store.go:24.103,29.20 3 1
github.com/EdlanioJ/kbu/payments/infra/db/gorm/repository/store.go:32.2,32.19 1 1
github.com/EdlanioJ/kbu/payments/infra/db/gorm/repository/store.go:29.20,31.3 1 1
github.com/EdlanioJ/kbu/payments/infra/db/gorm/repository/transaction.go:14.85,17.16 2 1
github.com/EdlanioJ/kbu/payments/infra/db/gorm/repository/transaction.go:21.2,21.12 1 1
github.com/EdlanioJ/kbu/payments/infra/db/gorm/repository/transaction.go:17.16,19.3 1 1
github.com/EdlanioJ/kbu/payments/infra/db/gorm/repository/transaction.go:24.81,27.16 2 1
github.com/EdlanioJ/kbu/payments/infra/db/gorm/repository/transaction.go:30.2,30.12 1 1
github.com/EdlanioJ/kbu/payments/infra/db/gorm/repository/transaction.go:27.16,29.3 1 1
github.com/EdlanioJ/kbu/payments/infra/db/gorm/repository/transaction.go:33.82,37.26 3 1
github.com/EdlanioJ/kbu/payments/infra/db/gorm/repository/transaction.go:40.2,40.25 1 1
github.com/EdlanioJ/kbu/payments/infra/db/gorm/repository/transaction.go:37.26,39.3 1 1
github.com/EdlanioJ/kbu/payments/infra/db/gorm/repository/transaction.go:43.123,48.26 3 1
github.com/EdlanioJ/kbu/payments/infra/db/gorm/repository/transaction.go:52.2,52.25 1 1
github.com/EdlanioJ/kbu/payments/infra/db/gorm/repository/transaction.go:48.26,50.3 1 1
github.com/EdlanioJ/kbu/payments/infra/db/gorm/repository/transaction.go:55.123,60.26 3 1
github.com/EdlanioJ/kbu/payments/infra/db/gorm/repository/transaction.go:64.2,64.25 1 1
github.com/EdlanioJ/kbu/payments/infra/db/gorm/repository/transaction.go:60.26,62.3 1 1
github.com/EdlanioJ/kbu/payments/infra/db/gorm/repository/transaction.go:67.119,72.26 3 1
github.com/EdlanioJ/kbu/payments/infra/db/gorm/repository/transaction.go:76.2,76.25 1 1
github.com/EdlanioJ/kbu/payments/infra/db/gorm/repository/transaction.go:72.26,74.3 1 1
github.com/EdlanioJ/kbu/payments/infra/db/gorm/repository/transaction.go:79.85,93.16 6 1
github.com/EdlanioJ/kbu/payments/infra/db/gorm/repository/transaction.go:96.2,96.26 1 1
github.com/EdlanioJ/kbu/payments/infra/db/gorm/repository/transaction.go:93.16,95.3 1 1
github.com/EdlanioJ/kbu/payments/infra/db/gorm/repository/transaction.go:99.115,115.16 6 1
github.com/EdlanioJ/kbu/payments/infra/db/gorm/repository/transaction.go:118.2,118.26 1 1
github.com/EdlanioJ/kbu/payments/infra/db/gorm/repository/transaction.go:115.16,117.3 1 1
github.com/EdlanioJ/kbu/payments/infra/db/gorm/repository/transaction.go:121.113,137.16 6 1
github.com/EdlanioJ/kbu/payments/infra/db/gorm/repository/transaction.go:140.2,140.26 1 1
github.com/EdlanioJ/kbu/payments/infra/db/gorm/repository/transaction.go:137.16,139.3 1 1
github.com/EdlanioJ/kbu/payments/infra/db/gorm/repository/transaction.go:143.111,159.16 6 1
github.com/EdlanioJ/kbu/payments/infra/db/gorm/repository/transaction.go:162.2,162.26 1 1
github.com/EdlanioJ/kbu/payments/infra/db/gorm/repository/transaction.go:159.16,161.3 1 1
github.com/EdlanioJ/kbu/payments/infra/db/gorm/repository/transaction.go:165.107,181.16 6 1
github.com/EdlanioJ/kbu/payments/infra/db/gorm/repository/transaction.go:184.2,184.26 1 1
github.com/EdlanioJ/kbu/payments/infra/db/gorm/repository/transaction.go:181.16,183.3 1 1
github.com/EdlanioJ/kbu/payments/presentation/controller/account-transaction.go:21.88,25.2 1 1
github.com/EdlanioJ/kbu/payments/presentation/controller/account-transaction.go:27.168,30.16 2 1
github.com/EdlanioJ/kbu/payments/presentation/controller/account-transaction.go:33.2,33.25 1 1
github.com/EdlanioJ/kbu/payments/presentation/controller/account-transaction.go:30.16,32.3 1 1
github.com/EdlanioJ/kbu/payments/presentation/controller/account-transaction.go:36.158,39.16 2 1
github.com/EdlanioJ/kbu/payments/presentation/controller/account-transaction.go:43.2,43.33 1 1
github.com/EdlanioJ/kbu/payments/presentation/controller/account-transaction.go:39.16,41.3 1 1
github.com/EdlanioJ/kbu/payments/presentation/controller/account-transaction.go:46.134,49.16 2 1
github.com/EdlanioJ/kbu/payments/presentation/controller/account-transaction.go:52.2,52.25 1 1
github.com/EdlanioJ/kbu/payments/presentation/controller/account-transaction.go:49.16,51.3 1 1
github.com/EdlanioJ/kbu/payments/presentation/controller/service-transaction.go:21.108,25.2 1 1
github.com/EdlanioJ/kbu/payments/presentation/controller/service-transaction.go:27.183,30.16 2 1
github.com/EdlanioJ/kbu/payments/presentation/controller/service-transaction.go:34.2,34.25 1 1
github.com/EdlanioJ/kbu/payments/presentation/controller/service-transaction.go:30.16,32.3 1 1
github.com/EdlanioJ/kbu/payments/presentation/controller/service-transaction.go:37.168,39.16 2 1
github.com/EdlanioJ/kbu/payments/presentation/controller/service-transaction.go:43.2,43.33 1 1
github.com/EdlanioJ/kbu/payments/presentation/controller/service-transaction.go:39.16,41.3 1 1
github.com/EdlanioJ/kbu/payments/presentation/controller/service-transaction.go:46.147,49.16 2 1
github.com/EdlanioJ/kbu/payments/presentation/controller/service-transaction.go:53.2,53.25 1 1
github.com/EdlanioJ/kbu/payments/presentation/controller/service-transaction.go:49.16,51.3 1 1
github.com/EdlanioJ/kbu/payments/presentation/controller/store-transaction.go:21.82,25.2 1 1
github.com/EdlanioJ/kbu/payments/presentation/controller/store-transaction.go:27.167,30.16 2 1
github.com/EdlanioJ/kbu/payments/presentation/controller/store-transaction.go:33.2,33.25 1 1
github.com/EdlanioJ/kbu/payments/presentation/controller/store-transaction.go:30.16,32.3 1 1
github.com/EdlanioJ/kbu/payments/presentation/controller/store-transaction.go:36.152,39.16 2 1
github.com/EdlanioJ/kbu/payments/presentation/controller/store-transaction.go:43.2,43.33 1 1
github.com/EdlanioJ/kbu/payments/presentation/controller/store-transaction.go:39.16,41.3 1 1
github.com/EdlanioJ/kbu/payments/presentation/controller/store-transaction.go:45.131,48.16 2 1
github.com/EdlanioJ/kbu/payments/presentation/controller/store-transaction.go:51.2,51.25 1 1
github.com/EdlanioJ/kbu/payments/presentation/controller/store-transaction.go:48.16,50.3 1 1
github.com/EdlanioJ/kbu/payments/presentation/controller/transaction.go:22.87,26.2 1 1
github.com/EdlanioJ/kbu/payments/presentation/controller/transaction.go:28.99,31.16 2 1
github.com/EdlanioJ/kbu/payments/presentation/controller/transaction.go:35.2,35.25 1 1
github.com/EdlanioJ/kbu/payments/presentation/controller/transaction.go:31.16,33.3 1 1
github.com/EdlanioJ/kbu/payments/presentation/controller/transaction.go:38.132,41.16 2 1
github.com/EdlanioJ/kbu/payments/presentation/controller/transaction.go:46.2,46.33 1 1
github.com/EdlanioJ/kbu/payments/presentation/controller/transaction.go:41.16,44.3 1 1
github.com/EdlanioJ/kbu/payments/presentation/controller/transaction.go:49.114,52.16 2 1
github.com/EdlanioJ/kbu/payments/presentation/controller/transaction.go:56.2,56.25 1 1
github.com/EdlanioJ/kbu/payments/presentation/controller/transaction.go:52.16,54.3 1 1
github.com/EdlanioJ/kbu/payments/presentation/controller/transaction.go:59.111,62.16 2 1
github.com/EdlanioJ/kbu/payments/presentation/controller/transaction.go:66.2,66.25 1 1
github.com/EdlanioJ/kbu/payments/presentation/controller/transaction.go:62.16,64.3 1 1
